<?xml version='1.0' encoding='UTF-8'?>
<testsuite hostname="stelioss-mbp" name="PieceSpec" tests="14" errors="0" failures="0" skipped="0" time="0.037" timestamp="2020-10-01T20:06:45">
                     <properties>
      <property name="jline.esc.timeout" value="0"/><property name="jna.platform.library.path" value="/usr/lib:/usr/lib"/><property name="java.runtime.name" value="Java(TM) SE Runtime Environment"/><property name="sun.boot.library.path" value="/Library/Java/JavaVirtualMachines/jdk1.8.0_201.jdk/Contents/Home/jre/lib"/><property name="java.vm.version" value="25.201-b09"/><property name="user.country.format" value="CY"/><property name="gopherProxySet" value="false"/><property name="java.vm.vendor" value="Oracle Corporation"/><property name="java.vendor.url" value="http://java.oracle.com/"/><property name="path.separator" value=":"/><property name="jna.loaded" value="true"/><property name="java.vm.name" value="Java HotSpot(TM) 64-Bit Server VM"/><property name="file.encoding.pkg" value="sun.io"/><property name="user.country" value="GB"/><property name="sun.java.launcher" value="SUN_STANDARD"/><property name="sun.os.patch.level" value="unknown"/><property name="jna.nosys" value="true"/><property name="java.vm.specification.name" value="Java Virtual Machine Specification"/><property name="user.dir" value="/Users/stelios/Desktop/ScalaChessTest"/><property name="java.runtime.version" value="1.8.0_201-b09"/><property name="java.awt.graphicsenv" value="sun.awt.CGraphicsEnvironment"/><property name="idea.managed" value="true"/><property name="java.endorsed.dirs" value="/Library/Java/JavaVirtualMachines/jdk1.8.0_201.jdk/Contents/Home/jre/lib/endorsed"/><property name="os.arch" value="x86_64"/><property name="java.io.tmpdir" value="/var/folders/jr/px7_z7f924x5tsqnw3frv8lm0000gn/T/"/><property name="line.separator" value="
"/><property name="java.vm.specification.vendor" value="Oracle Corporation"/><property name="log4j.ignoreTCL" value="true"/><property name="os.name" value="Mac OS X"/><property name="sun.jnu.encoding" value="UTF-8"/><property name="jnidispatch.path" value="/Users/stelios/Library/Caches/JNA/temp/jna483849154046023902.tmp"/><property name="java.library.path" value="/Users/stelios/Library/Java/Extensions:/Library/Java/Extensions:/Network/Library/Java/Extensions:/System/Library/Java/Extensions:/usr/lib/java:."/><property name="java.specification.name" value="Java Platform API Specification"/><property name="java.class.version" value="52.0"/><property name="sun.management.compiler" value="HotSpot 64-Bit Tiered Compilers"/><property name="os.version" value="10.14.3"/><property name="http.nonProxyHosts" value="local|*.local|169.254/16|*.169.254/16"/><property name="swoval.tmpdir" value="/Users/stelios/.sbt/1.0"/><property name="user.home" value="/Users/stelios"/><property name="user.timezone" value="Asia/Nicosia"/><property name="java.awt.printerjob" value="sun.lwawt.macosx.CPrinterJob"/><property name="file.encoding" value="UTF-8"/><property name="java.specification.version" value="1.8"/><property name="java.class.path" value="/Users/stelios/Library/Application Support/IntelliJIdea2018.3/Scala/launcher/sbt-launch.jar"/><property name="user.name" value="stelios"/><property name="jline.shutdownhook" value="false"/><property name="java.vm.specification.version" value="1.8"/><property name="sun.java.command" value="/Users/stelios/Library/Application Support/IntelliJIdea2018.3/Scala/launcher/sbt-launch.jar --addPluginSbtFile=/private/var/folders/jr/px7_z7f924x5tsqnw3frv8lm0000gn/T/idea.sbt idea-shell"/><property name="java.home" value="/Library/Java/JavaVirtualMachines/jdk1.8.0_201.jdk/Contents/Home/jre"/><property name="sun.arch.data.model" value="64"/><property name="user.language" value="en"/><property name="java.specification.vendor" value="Oracle Corporation"/><property name="awt.toolkit" value="sun.lwawt.macosx.LWCToolkit"/><property name="java.vm.info" value="mixed mode"/><property name="java.version" value="1.8.0_201"/><property name="java.ext.dirs" value="/Users/stelios/Library/Java/Extensions:/Library/Java/JavaVirtualMachines/jdk1.8.0_201.jdk/Contents/Home/jre/lib/ext:/Library/Java/Extensions:/Network/Library/Java/Extensions:/System/Library/Java/Extensions:/usr/lib/java"/><property name="sun.boot.class.path" value="/Library/Java/JavaVirtualMachines/jdk1.8.0_201.jdk/Contents/Home/jre/lib/resources.jar:/Library/Java/JavaVirtualMachines/jdk1.8.0_201.jdk/Contents/Home/jre/lib/rt.jar:/Library/Java/JavaVirtualMachines/jdk1.8.0_201.jdk/Contents/Home/jre/lib/sunrsasign.jar:/Library/Java/JavaVirtualMachines/jdk1.8.0_201.jdk/Contents/Home/jre/lib/jsse.jar:/Library/Java/JavaVirtualMachines/jdk1.8.0_201.jdk/Contents/Home/jre/lib/jce.jar:/Library/Java/JavaVirtualMachines/jdk1.8.0_201.jdk/Contents/Home/jre/lib/charsets.jar:/Library/Java/JavaVirtualMachines/jdk1.8.0_201.jdk/Contents/Home/jre/lib/jfr.jar:/Library/Java/JavaVirtualMachines/jdk1.8.0_201.jdk/Contents/Home/jre/classes"/><property name="java.vendor" value="Oracle Corporation"/><property name="file.separator" value="/"/><property name="java.vendor.url.bug" value="http://bugreport.sun.com/bugreport/"/><property name="sun.io.unicode.encoding" value="UnicodeBig"/><property name="sun.cpu.endian" value="little"/><property name="socksNonProxyHosts" value="local|*.local|169.254/16|*.169.254/16"/><property name="ftp.nonProxyHosts" value="local|*.local|169.254/16|*.169.254/16"/><property name="sun.cpu.isalist" value=""/>
    </properties>
                     <testcase classname="PieceSpec" name="validatePieceMove King should generate validate on correct movement of king" time="0.025">
                                                 
                                               </testcase><testcase classname="PieceSpec" name="validatePieceMove King should generate invalidate on wrong movement of king" time="0.002">
                                                 
                                               </testcase><testcase classname="PieceSpec" name="validatePieceMove Bishop should generate validate on correct movement of bishop" time="0.001">
                                                 
                                               </testcase><testcase classname="PieceSpec" name="validatePieceMove Bishop should generate invalid on wrong movement of bishop" time="0.0">
                                                 
                                               </testcase><testcase classname="PieceSpec" name="validatePieceMove Rock should generate validate on correct movement of rock" time="0.0">
                                                 
                                               </testcase><testcase classname="PieceSpec" name="validatePieceMove Rock should generate invalid on wrong movement of rock" time="0.001">
                                                 
                                               </testcase><testcase classname="PieceSpec" name="validatePieceMove Knight should generate validate correct movement of knight" time="0.001">
                                                 
                                               </testcase><testcase classname="PieceSpec" name="validatePieceMove Knight should generate invalid on wrong movement of knight" time="0.001">
                                                 
                                               </testcase><testcase classname="PieceSpec" name="validatePieceMove Queen should generate validate on correct movement of queen" time="0.001">
                                                 
                                               </testcase><testcase classname="PieceSpec" name="validatePieceMove Queen should generate invalid on wrong movement of queen" time="0.001">
                                                 
                                               </testcase><testcase classname="PieceSpec" name="validatePieceMove Pawn should generate validate on correct movement of pawn" time="0.0">
                                                 
                                               </testcase><testcase classname="PieceSpec" name="validatePieceMove Pawn should generate invalid on wrong movement of pawn" time="0.0">
                                                 
                                               </testcase><testcase classname="PieceSpec" name="validateNoObstacleOnMove should generate valid positions on correct position" time="0.002">
                                                 
                                               </testcase><testcase classname="PieceSpec" name="validateNoObstacleOnMove should generate invalid positions on wrong position" time="0.002">
                                                 
                                               </testcase>
                     <system-out><![CDATA[]]></system-out>
                     <system-err><![CDATA[]]></system-err>
                   </testsuite>